<?xml version="1.0" encoding="utf-8"?><testsuites name="pytest tests"><testsuite name="pytest" errors="0" failures="0" skipped="0" tests="5" time="1.385" timestamp="2026-06-08T09:26:33.034378+00:00" hostname="agent-env-fc48f941-2f26-45f5-8847-b2184aa5b890"><testcase classname="backend.tests.test_external_integrations.TestExternalProviders" name="test_openf1_meetings_live" time="0.465" /><testcase classname="backend.tests.test_external_integrations.TestExternalProviders" name="test_openf1_sessions_live" time="0.390" /><testcase classname="backend.tests.test_external_integrations.TestExternalProviders" name="test_jolpica_previous_race_results_live" time="0.402" /><testcase classname="backend.tests.test_external_integrations.TestPublicAppUrl" name="test_public_app_url_is_configured" time="0.000" /><testcase classname="backend.tests.test_external_integrations.TestPublicAppUrl" name="test_public_app_root_responds_without_server_error" time="0.063" /></testsuite></testsuites>